{"total": {"lines":{"total":864,"covered":864,"skipped":0,"pct":100},"statements":{"total":864,"covered":864,"skipped":0,"pct":100},"functions":{"total":37,"covered":37,"skipped":0,"pct":100},"branches":{"total":257,"covered":255,"skipped":0,"pct":99.22},"branchesTrue":{"total":0,"covered":0,"skipped":0,"pct":100}}
,"/Users/varun.chaudhary/Carbon Footprint Tracker/backend/src/app.ts": {"lines":{"total":64,"covered":64,"skipped":0,"pct":100},"functions":{"total":0,"covered":0,"skipped":0,"pct":100},"statements":{"total":64,"covered":64,"skipped":0,"pct":100},"branches":{"total":6,"covered":6,"skipped":0,"pct":100}}
,"/Users/varun.chaudhary/Carbon Footprint Tracker/backend/src/config/secrets.ts": {"lines":{"total":57,"covered":57,"skipped":0,"pct":100},"functions":{"total":2,"covered":2,"skipped":0,"pct":100},"statements":{"total":57,"covered":57,"skipped":0,"pct":100},"branches":{"total":15,"covered":14,"skipped":0,"pct":93.33}}
,"/Users/varun.chaudhary/Carbon Footprint Tracker/backend/src/controllers/calculator.ts": {"lines":{"total":26,"covered":26,"skipped":0,"pct":100},"functions":{"total":2,"covered":2,"skipped":0,"pct":100},"statements":{"total":26,"covered":26,"skipped":0,"pct":100},"branches":{"total":7,"covered":7,"skipped":0,"pct":100}}
,"/Users/varun.chaudhary/Carbon Footprint Tracker/backend/src/controllers/plan.ts": {"lines":{"total":34,"covered":34,"skipped":0,"pct":100},"functions":{"total":2,"covered":2,"skipped":0,"pct":100},"statements":{"total":34,"covered":34,"skipped":0,"pct":100},"branches":{"total":9,"covered":9,"skipped":0,"pct":100}}
,"/Users/varun.chaudhary/Carbon Footprint Tracker/backend/src/controllers/simulator.ts": {"lines":{"total":27,"covered":27,"skipped":0,"pct":100},"functions":{"total":2,"covered":2,"skipped":0,"pct":100},"statements":{"total":27,"covered":27,"skipped":0,"pct":100},"branches":{"total":7,"covered":7,"skipped":0,"pct":100}}
,"/Users/varun.chaudhary/Carbon Footprint Tracker/backend/src/middleware/validator.ts": {"lines":{"total":138,"covered":138,"skipped":0,"pct":100},"functions":{"total":2,"covered":2,"skipped":0,"pct":100},"statements":{"total":138,"covered":138,"skipped":0,"pct":100},"branches":{"total":72,"covered":72,"skipped":0,"pct":100}}
,"/Users/varun.chaudhary/Carbon Footprint Tracker/backend/src/services/calculatorService.ts": {"lines":{"total":233,"covered":233,"skipped":0,"pct":100},"functions":{"total":11,"covered":11,"skipped":0,"pct":100},"statements":{"total":233,"covered":233,"skipped":0,"pct":100},"branches":{"total":66,"covered":66,"skipped":0,"pct":100}}
,"/Users/varun.chaudhary/Carbon Footprint Tracker/backend/src/services/logger.ts": {"lines":{"total":23,"covered":23,"skipped":0,"pct":100},"functions":{"total":4,"covered":4,"skipped":0,"pct":100},"statements":{"total":23,"covered":23,"skipped":0,"pct":100},"branches":{"total":5,"covered":5,"skipped":0,"pct":100}}
,"/Users/varun.chaudhary/Carbon Footprint Tracker/backend/src/services/planService.ts": {"lines":{"total":113,"covered":113,"skipped":0,"pct":100},"functions":{"total":5,"covered":5,"skipped":0,"pct":100},"statements":{"total":113,"covered":113,"skipped":0,"pct":100},"branches":{"total":19,"covered":19,"skipped":0,"pct":100}}
,"/Users/varun.chaudhary/Carbon Footprint Tracker/backend/src/services/simulatorService.ts": {"lines":{"total":149,"covered":149,"skipped":0,"pct":100},"functions":{"total":7,"covered":7,"skipped":0,"pct":100},"statements":{"total":149,"covered":149,"skipped":0,"pct":100},"branches":{"total":51,"covered":50,"skipped":0,"pct":98.03}}
}
